android-app/app/build/intermediates/manifest_merge_blame_file/debug/processDebugMainManifest/manifest-merger-blame-debug-report.txt
1<?xml version="1.0" encoding="utf-8"?>
2<manifest xmlns:android="http://schemas.android.com/apk/res/android"
3    package="com.packethunter.mobile"
4    android:versionCode="1"
5    android:versionName="1.0.0" >
6
7    <uses-sdk
8        android:minSdkVersion="26"
9        android:targetSdkVersion="34" />
10
11    <!-- Network permissions -->
12    <uses-permission android:name="android.permission.INTERNET" />
12-->src/main/AndroidManifest.xml:6:5-67
12-->src/main/AndroidManifest.xml:6:22-64
13    <uses-permission android:name="android.permission.ACCESS_NETWORK_STATE" />
13-->src/main/AndroidManifest.xml:7:5-79
13-->src/main/AndroidManifest.xml:7:22-76
14    <uses-permission android:name="android.permission.ACCESS_WIFI_STATE" />
14-->src/main/AndroidManifest.xml:8:5-76
14-->src/main/AndroidManifest.xml:8:22-73
15    <uses-permission android:name="android.permission.ACCESS_FINE_LOCATION" />
15-->src/main/AndroidManifest.xml:9:5-79
15-->src/main/AndroidManifest.xml:9:22-76
16    <uses-permission android:name="android.permission.ACCESS_COARSE_LOCATION" />
16-->src/main/AndroidManifest.xml:10:5-81
16-->src/main/AndroidManifest.xml:10:22-78
17
18    <!-- VPN Service permission -->
19    <uses-permission android:name="android.permission.BIND_VPN_SERVICE" />
19-->src/main/AndroidManifest.xml:13:5-14:47
19-->src/main/AndroidManifest.xml:13:22-72
20
21    <!-- Storage permissions for export -->
22    <uses-permission
22-->src/main/AndroidManifest.xml:17:5-18:38
23        android:name="android.permission.READ_EXTERNAL_STORAGE"
23-->src/main/AndroidManifest.xml:17:22-77
24        android:maxSdkVersion="32" />
24-->src/main/AndroidManifest.xml:18:9-35
25    <uses-permission
25-->src/main/AndroidManifest.xml:19:5-21:40
26        android:name="android.permission.WRITE_EXTERNAL_STORAGE"
26-->src/main/AndroidManifest.xml:19:22-78
27        android:maxSdkVersion="32" />
27-->src/main/AndroidManifest.xml:20:9-35
28
29    <!-- Notification permission for Android 13+ -->
30    <uses-permission android:name="android.permission.POST_NOTIFICATIONS" />
30-->src/main/AndroidManifest.xml:24:5-77
30-->src/main/AndroidManifest.xml:24:22-74
31
32    <!-- Network stats permission for per-app data usage (optional but recommended) -->
33    <uses-permission android:name="android.permission.PACKAGE_USAGE_STATS" />
33-->src/main/AndroidManifest.xml:27:5-28:47
33-->src/main/AndroidManifest.xml:27:22-75
34
35    <!-- Foreground service -->
36    <uses-permission android:name="android.permission.FOREGROUND_SERVICE" />
36-->src/main/AndroidManifest.xml:31:5-32:54
36-->src/main/AndroidManifest.xml:31:22-74
37    <uses-permission android:name="android.permission.FOREGROUND_SERVICE_DATA_SYNC" />
37-->src/main/AndroidManifest.xml:33:5-87
37-->src/main/AndroidManifest.xml:33:22-84
38    <uses-permission android:name="android.permission.FOREGROUND_SERVICE_SPECIAL_USE" />
38-->src/main/AndroidManifest.xml:34:5-89
38-->src/main/AndroidManifest.xml:34:22-86
39
40    <uses-feature
40-->[com.google.android.gms:play-services-maps:18.2.0] AndroidManifest.xml:26:5-28:35
41        android:glEsVersion="0x00020000"
41-->[com.google.android.gms:play-services-maps:18.2.0] AndroidManifest.xml:27:9-41
42        android:required="true" />
42-->[com.google.android.gms:play-services-maps:18.2.0] AndroidManifest.xml:28:9-32
43
44    <queries>
44-->[com.google.android.gms:play-services-maps:18.2.0] AndroidManifest.xml:30:5-34:15
45
46        <!-- Needs to be explicitly declared on Android R+ -->
47        <package android:name="com.google.android.apps.maps" />
47-->[com.google.android.gms:play-services-maps:18.2.0] AndroidManifest.xml:33:9-64
47-->[com.google.android.gms:play-services-maps:18.2.0] AndroidManifest.xml:33:18-61
48    </queries>
49
50    <permission
50-->[androidx.core:core:1.12.0] AndroidManifest.xml:22:5-24:47
51        android:name="com.packethunter.mobile.DYNAMIC_RECEIVER_NOT_EXPORTED_PERMISSION"
51-->[androidx.core:core:1.12.0] AndroidManifest.xml:23:9-81
52        android:protectionLevel="signature" />
52-->[androidx.core:core:1.12.0] AndroidManifest.xml:24:9-44
53
54    <uses-permission android:name="com.packethunter.mobile.DYNAMIC_RECEIVER_NOT_EXPORTED_PERMISSION" />
54-->[androidx.core:core:1.12.0] AndroidManifest.xml:26:5-97
54-->[androidx.core:core:1.12.0] AndroidManifest.xml:26:22-94
55
56    <application
56-->src/main/AndroidManifest.xml:36:5-91:19
57        android:appComponentFactory="androidx.core.app.CoreComponentFactory"
57-->[androidx.core:core:1.12.0] AndroidManifest.xml:28:18-86
58        android:debuggable="true"
59        android:extractNativeLibs="false"
60        android:icon="@mipmap/ic_launcher"
60-->src/main/AndroidManifest.xml:37:9-43
61        android:label="@string/app_name"
61-->src/main/AndroidManifest.xml:38:9-41
62        android:requestLegacyExternalStorage="true"
62-->src/main/AndroidManifest.xml:43:9-52
63        android:roundIcon="@mipmap/ic_launcher_round"
63-->src/main/AndroidManifest.xml:39:9-54
64        android:supportsRtl="true"
64-->src/main/AndroidManifest.xml:40:9-35
65        android:testOnly="true"
66        android:theme="@style/Theme.MobilePacketHunter"
66-->src/main/AndroidManifest.xml:41:9-56
67        android:usesCleartextTraffic="true" >
67-->src/main/AndroidManifest.xml:42:9-44
68
69        <!-- Google Maps API Key -->
70        <meta-data
70-->src/main/AndroidManifest.xml:47:9-49:71
71            android:name="com.google.android.geo.API_KEY"
71-->src/main/AndroidManifest.xml:48:13-58
72            android:value="AIzaSyD6oFiJAI8rWBV5d-EHqPYZ-VwDVRwFunI" />
72-->src/main/AndroidManifest.xml:49:13-68
73
74        <!-- Main Activity -->
75        <activity
75-->src/main/AndroidManifest.xml:52:9-60:20
76            android:name="com.packethunter.mobile.MainActivity"
76-->src/main/AndroidManifest.xml:53:13-41
77            android:exported="true"
77-->src/main/AndroidManifest.xml:54:13-36
78            android:theme="@style/Theme.MobilePacketHunter" >
78-->src/main/AndroidManifest.xml:55:13-60
79            <intent-filter>
79-->src/main/AndroidManifest.xml:56:13-59:29
80                <action android:name="android.intent.action.MAIN" />
80-->src/main/AndroidManifest.xml:57:17-69
80-->src/main/AndroidManifest.xml:57:25-66
81
82                <category android:name="android.intent.category.LAUNCHER" />
82-->src/main/AndroidManifest.xml:58:17-77
82-->src/main/AndroidManifest.xml:58:27-74
83            </intent-filter>
84        </activity>
85
86        <!-- VPN Service -->
87        <service
87-->src/main/AndroidManifest.xml:63:9-78:19
88            android:name="com.packethunter.mobile.capture.PacketCaptureService"
88-->src/main/AndroidManifest.xml:64:13-57
89            android:exported="false"
89-->src/main/AndroidManifest.xml:66:13-37
90            android:foregroundServiceType="dataSync|specialUse"
90-->src/main/AndroidManifest.xml:67:13-64
91            android:permission="android.permission.BIND_VPN_SERVICE" >
91-->src/main/AndroidManifest.xml:65:13-69
92            <intent-filter>
92-->src/main/AndroidManifest.xml:69:13-71:29
93                <action android:name="android.net.VpnService" />
93-->src/main/AndroidManifest.xml:70:17-65
93-->src/main/AndroidManifest.xml:70:25-62
94            </intent-filter>
95
96            <meta-data
96-->src/main/AndroidManifest.xml:72:13-74:41
97                android:name="android.net.VpnService.SUPPORTS_ALWAYS_ON"
97-->src/main/AndroidManifest.xml:73:17-73
98                android:value="false" />
98-->src/main/AndroidManifest.xml:74:17-38
99
100            <property
100-->src/main/AndroidManifest.xml:75:13-77:95
101                android:name="android.app.PROPERTY_SPECIAL_USE_FGS_SUBTYPE"
101-->src/main/AndroidManifest.xml:76:17-76
102                android:value="Network packet capture and analysis for security monitoring" />
102-->src/main/AndroidManifest.xml:77:17-92
103        </service>
104
105        <!-- File Provider for sharing exports -->
106        <provider
107            android:name="androidx.core.content.FileProvider"
107-->src/main/AndroidManifest.xml:82:13-62
108            android:authorities="com.packethunter.mobile.fileprovider"
108-->src/main/AndroidManifest.xml:83:13-64
109            android:exported="false"
109-->src/main/AndroidManifest.xml:84:13-37
110            android:grantUriPermissions="true" >
110-->src/main/AndroidManifest.xml:85:13-47
111            <meta-data
111-->src/main/AndroidManifest.xml:87:13-89:54
112                android:name="android.support.FILE_PROVIDER_PATHS"
112-->src/main/AndroidManifest.xml:88:17-67
113                android:resource="@xml/file_paths" />
113-->src/main/AndroidManifest.xml:89:17-51
114        </provider>
115        <!-- Needs to be explicitly declared on P+ -->
116        <uses-library
116-->[com.google.android.gms:play-services-maps:18.2.0] AndroidManifest.xml:39:9-41:40
117            android:name="org.apache.http.legacy"
117-->[com.google.android.gms:play-services-maps:18.2.0] AndroidManifest.xml:40:13-50
118            android:required="false" />
118-->[com.google.android.gms:play-services-maps:18.2.0] AndroidManifest.xml:41:13-37
119
120        <activity
120-->[com.google.android.gms:play-services-base:18.0.1] AndroidManifest.xml:20:9-22:45
121            android:name="com.google.android.gms.common.api.GoogleApiActivity"
121-->[com.google.android.gms:play-services-base:18.0.1] AndroidManifest.xml:20:19-85
122            android:exported="false"
122-->[com.google.android.gms:play-services-base:18.0.1] AndroidManifest.xml:22:19-43
123            android:theme="@android:style/Theme.Translucent.NoTitleBar" />
123-->[com.google.android.gms:play-services-base:18.0.1] AndroidManifest.xml:21:19-78
124
125        <meta-data
125-->[com.google.android.gms:play-services-basement:18.0.0] AndroidManifest.xml:21:9-23:69
126            android:name="com.google.android.gms.version"
126-->[com.google.android.gms:play-services-basement:18.0.0] AndroidManifest.xml:22:13-58
127            android:value="@integer/google_play_services_version" />
127-->[com.google.android.gms:play-services-basement:18.0.0] AndroidManifest.xml:23:13-66
128
129        <provider
129-->[androidx.emoji2:emoji2:1.4.0] AndroidManifest.xml:24:9-32:20
130            android:name="androidx.startup.InitializationProvider"
130-->[androidx.emoji2:emoji2:1.4.0] AndroidManifest.xml:25:13-67
131            android:authorities="com.packethunter.mobile.androidx-startup"
131-->[androidx.emoji2:emoji2:1.4.0] AndroidManifest.xml:26:13-68
132            android:exported="false" >
132-->[androidx.emoji2:emoji2:1.4.0] AndroidManifest.xml:27:13-37
133            <meta-data
133-->[androidx.emoji2:emoji2:1.4.0] AndroidManifest.xml:29:13-31:52
134                android:name="androidx.emoji2.text.EmojiCompatInitializer"
134-->[androidx.emoji2:emoji2:1.4.0] AndroidManifest.xml:30:17-75
135                android:value="androidx.startup" />
135-->[androidx.emoji2:emoji2:1.4.0] AndroidManifest.xml:31:17-49
136            <meta-data
136-->[androidx.lifecycle:lifecycle-process:2.6.2] AndroidManifest.xml:29:13-31:52
137                android:name="androidx.lifecycle.ProcessLifecycleInitializer"
137-->[androidx.lifecycle:lifecycle-process:2.6.2] AndroidManifest.xml:30:17-78
138                android:value="androidx.startup" />
138-->[androidx.lifecycle:lifecycle-process:2.6.2] AndroidManifest.xml:31:17-49
139            <meta-data
139-->[androidx.profileinstaller:profileinstaller:1.3.0] AndroidManifest.xml:29:13-31:52
140                android:name="androidx.profileinstaller.ProfileInstallerInitializer"
140-->[androidx.profileinstaller:profileinstaller:1.3.0] AndroidManifest.xml:30:17-85
141                android:value="androidx.startup" />
141-->[androidx.profileinstaller:profileinstaller:1.3.0] AndroidManifest.xml:31:17-49
142        </provider>
143
144        <activity
144-->[androidx.compose.ui:ui-test-manifest:1.5.4] AndroidManifest.xml:23:9-25:39
145            android:name="androidx.activity.ComponentActivity"
145-->[androidx.compose.ui:ui-test-manifest:1.5.4] AndroidManifest.xml:24:13-63
146            android:exported="true" />
146-->[androidx.compose.ui:ui-test-manifest:1.5.4] AndroidManifest.xml:25:13-36
147        <activity
147-->[androidx.compose.ui:ui-tooling-android:1.5.4] AndroidManifest.xml:23:9-25:39
148            android:name="androidx.compose.ui.tooling.PreviewActivity"
148-->[androidx.compose.ui:ui-tooling-android:1.5.4] AndroidManifest.xml:24:13-71
149            android:exported="true" />
149-->[androidx.compose.ui:ui-tooling-android:1.5.4] AndroidManifest.xml:25:13-36
150
151        <service
151-->[androidx.room:room-runtime:2.6.0] AndroidManifest.xml:24:9-28:63
152            android:name="androidx.room.MultiInstanceInvalidationService"
152-->[androidx.room:room-runtime:2.6.0] AndroidManifest.xml:25:13-74
153            android:directBootAware="true"
153-->[androidx.room:room-runtime:2.6.0] AndroidManifest.xml:26:13-43
154            android:exported="false" />
154-->[androidx.room:room-runtime:2.6.0] AndroidManifest.xml:27:13-37
155
156        <receiver
156-->[androidx.profileinstaller:profileinstaller:1.3.0] AndroidManifest.xml:34:9-52:20
157            android:name="androidx.profileinstaller.ProfileInstallReceiver"
157-->[androidx.profileinstaller:profileinstaller:1.3.0] AndroidManifest.xml:35:13-76
158            android:directBootAware="false"
158-->[androidx.profileinstaller:profileinstaller:1.3.0] AndroidManifest.xml:36:13-44
159            android:enabled="true"
159-->[androidx.profileinstaller:profileinstaller:1.3.0] AndroidManifest.xml:37:13-35
160            android:exported="true"
160-->[androidx.profileinstaller:profileinstaller:1.3.0] AndroidManifest.xml:38:13-36
161            android:permission="android.permission.DUMP" >
161-->[androidx.profileinstaller:profileinstaller:1.3.0] AndroidManifest.xml:39:13-57
162            <intent-filter>
162-->[androidx.profileinstaller:profileinstaller:1.3.0] AndroidManifest.xml:40:13-42:29
163                <action android:name="androidx.profileinstaller.action.INSTALL_PROFILE" />
163-->[androidx.profileinstaller:profileinstaller:1.3.0] AndroidManifest.xml:41:17-91
163-->[androidx.profileinstaller:profileinstaller:1.3.0] AndroidManifest.xml:41:25-88
164            </intent-filter>
165            <intent-filter>
165-->[androidx.profileinstaller:profileinstaller:1.3.0] AndroidManifest.xml:43:13-45:29
166                <action android:name="androidx.profileinstaller.action.SKIP_FILE" />
166-->[androidx.profileinstaller:profileinstaller:1.3.0] AndroidManifest.xml:44:17-85
166-->[androidx.profileinstaller:profileinstaller:1.3.0] AndroidManifest.xml:44:25-82
167            </intent-filter>
168            <intent-filter>
168-->[androidx.profileinstaller:profileinstaller:1.3.0] AndroidManifest.xml:46:13-48:29
169                <action android:name="androidx.profileinstaller.action.SAVE_PROFILE" />
169-->[androidx.profileinstaller:profileinstaller:1.3.0] AndroidManifest.xml:47:17-88
169-->[androidx.profileinstaller:profileinstaller:1.3.0] AndroidManifest.xml:47:25-85
170            </intent-filter>
171            <intent-filter>
171-->[androidx.profileinstaller:profileinstaller:1.3.0] AndroidManifest.xml:49:13-51:29
172                <action android:name="androidx.profileinstaller.action.BENCHMARK_OPERATION" />
172-->[androidx.profileinstaller:profileinstaller:1.3.0] AndroidManifest.xml:50:17-95
172-->[androidx.profileinstaller:profileinstaller:1.3.0] AndroidManifest.xml:50:25-92
173            </intent-filter>
174        </receiver>
175    </application>
176
177</manifest>